{"uid":"134cce740daab477","name":"testCreatePlayerWithInvalidPassword","fullName":"com.automation.testing.tests.PlayerCreateTests.testCreatePlayerWithInvalidPassword","historyId":"fa139a9127df17e410886d17f88a0f50","time":{"start":1758481725804,"stop":1758481726029,"duration":225},"description":"Test player creation failure with invalid password (BUG-003)","descriptionHtml":"<p>Test player creation failure with invalid password (BUG-003)</p>\n","status":"failed","statusMessage":"Expected status code 400 but got 200. Response: {\"id\":1874961112,\"login\":\"ozie.friesen_1758481725805\",\"password\":null,\"screenName\":null,\"gender\":null,\"age\":null,\"role\":null}","statusTrace":"java.lang.AssertionError: Expected status code 400 but got 200. Response: {\"id\":1874961112,\"login\":\"ozie.friesen_1758481725805\",\"password\":null,\"screenName\":null,\"gender\":null,\"age\":null,\"role\":null}\n\tat com.automation.testing.base.BaseApiService.validateStatusCode(BaseApiService.java:199)\n\tat com.automation.testing.services.PlayerApiService.createPlayerExpectingFailure(PlayerApiService.java:217)\n\tat com.automation.testing.tests.PlayerCreateTests.testCreatePlayerWithInvalidPassword(PlayerCreateTests.java:161)\n\tat java.base/jdk.internal.reflect.NativeMethodAccessorImpl.invoke0(Native Method)\n\tat java.base/jdk.internal.reflect.NativeMethodAccessorImpl.invoke(NativeMethodAccessorImpl.java:77)\n\tat java.base/jdk.internal.reflect.DelegatingMethodAccessorImpl.invoke(DelegatingMethodAccessorImpl.java:43)\n\tat java.base/java.lang.reflect.Method.invoke(Method.java:569)\n\tat org.testng.internal.invokers.MethodInvocationHelper.invokeMethod(MethodInvocationHelper.java:139)\n\tat org.testng.internal.invokers.TestInvoker.invokeMethod(TestInvoker.java:664)\n\tat org.testng.internal.invokers.TestInvoker.invokeTestMethod(TestInvoker.java:227)\n\tat org.testng.internal.invokers.MethodRunner.runInSequence(MethodRunner.java:50)\n\tat org.testng.internal.invokers.TestInvoker$MethodInvocationAgent.invoke(TestInvoker.java:957)\n\tat org.testng.internal.invokers.TestInvoker.invokeTestMethods(TestInvoker.java:200)\n\tat org.testng.internal.invokers.TestMethodWorker.invokeTestMethods(TestMethodWorker.java:148)\n\tat org.testng.internal.invokers.TestMethodWorker.run(TestMethodWorker.java:128)\n\tat java.base/java.util.concurrent.ThreadPoolExecutor.runWorker(ThreadPoolExecutor.java:1136)\n\tat java.base/java.util.concurrent.ThreadPoolExecutor$Worker.run(ThreadPoolExecutor.java:635)\n\tat java.base/java.lang.Thread.run(Thread.java:840)\n","flaky":false,"newFailed":false,"newBroken":false,"newPassed":false,"retriesCount":0,"retriesStatusChange":false,"beforeStages":[{"name":"beforeClass","time":{"start":1758481721176,"stop":1758481721177,"duration":1},"description":"","status":"passed","steps":[],"attachments":[],"parameters":[],"shouldDisplayMessage":false,"stepsCount":0,"attachmentsCount":0,"hasContent":false},{"name":"setupClass","time":{"start":1758481721177,"stop":1758481722243,"duration":1066},"description":"","status":"passed","steps":[],"attachments":[],"parameters":[],"shouldDisplayMessage":false,"stepsCount":0,"attachmentsCount":0,"hasContent":false},{"name":"beforeMethod","time":{"start":1758481725803,"stop":1758481725803,"duration":0},"description":"","status":"passed","steps":[],"attachments":[],"parameters":[],"shouldDisplayMessage":false,"stepsCount":0,"attachmentsCount":0,"hasContent":false}],"testStage":{"description":"Test player creation failure with invalid password (BUG-003)","status":"failed","statusMessage":"Expected status code 400 but got 200. Response: {\"id\":1874961112,\"login\":\"ozie.friesen_1758481725805\",\"password\":null,\"screenName\":null,\"gender\":null,\"age\":null,\"role\":null}","statusTrace":"java.lang.AssertionError: Expected status code 400 but got 200. Response: {\"id\":1874961112,\"login\":\"ozie.friesen_1758481725805\",\"password\":null,\"screenName\":null,\"gender\":null,\"age\":null,\"role\":null}\n\tat com.automation.testing.base.BaseApiService.validateStatusCode(BaseApiService.java:199)\n\tat com.automation.testing.services.PlayerApiService.createPlayerExpectingFailure(PlayerApiService.java:217)\n\tat com.automation.testing.tests.PlayerCreateTests.testCreatePlayerWithInvalidPassword(PlayerCreateTests.java:161)\n\tat java.base/jdk.internal.reflect.NativeMethodAccessorImpl.invoke0(Native Method)\n\tat java.base/jdk.internal.reflect.NativeMethodAccessorImpl.invoke(NativeMethodAccessorImpl.java:77)\n\tat java.base/jdk.internal.reflect.DelegatingMethodAccessorImpl.invoke(DelegatingMethodAccessorImpl.java:43)\n\tat java.base/java.lang.reflect.Method.invoke(Method.java:569)\n\tat org.testng.internal.invokers.MethodInvocationHelper.invokeMethod(MethodInvocationHelper.java:139)\n\tat org.testng.internal.invokers.TestInvoker.invokeMethod(TestInvoker.java:664)\n\tat org.testng.internal.invokers.TestInvoker.invokeTestMethod(TestInvoker.java:227)\n\tat org.testng.internal.invokers.MethodRunner.runInSequence(MethodRunner.java:50)\n\tat org.testng.internal.invokers.TestInvoker$MethodInvocationAgent.invoke(TestInvoker.java:957)\n\tat org.testng.internal.invokers.TestInvoker.invokeTestMethods(TestInvoker.java:200)\n\tat org.testng.internal.invokers.TestMethodWorker.invokeTestMethods(TestMethodWorker.java:148)\n\tat org.testng.internal.invokers.TestMethodWorker.run(TestMethodWorker.java:128)\n\tat java.base/java.util.concurrent.ThreadPoolExecutor.runWorker(ThreadPoolExecutor.java:1136)\n\tat java.base/java.util.concurrent.ThreadPoolExecutor$Worker.run(ThreadPoolExecutor.java:635)\n\tat java.base/java.lang.Thread.run(Thread.java:840)\n","steps":[{"name":"Create player expecting failure with status 400","time":{"start":1758481725805,"stop":1758481726029,"duration":224},"status":"failed","statusMessage":"Expected status code 400 but got 200. Response: {\"id\":1874961112,\"login\":\"ozie.friesen_1758481725805\",\"password\":null,\"screenName\":null,\"gender\":null,\"age\":null,\"role\":null}","statusTrace":"java.lang.AssertionError: Expected status code 400 but got 200. Response: {\"id\":1874961112,\"login\":\"ozie.friesen_1758481725805\",\"password\":null,\"screenName\":null,\"gender\":null,\"age\":null,\"role\":null}\n\tat com.automation.testing.base.BaseApiService.validateStatusCode(BaseApiService.java:199)\n\tat com.automation.testing.services.PlayerApiService.createPlayerExpectingFailure(PlayerApiService.java:217)\n\tat com.automation.testing.tests.PlayerCreateTests.testCreatePlayerWithInvalidPassword(PlayerCreateTests.java:161)\n\tat java.base/jdk.internal.reflect.NativeMethodAccessorImpl.invoke0(Native Method)\n\tat java.base/jdk.internal.reflect.NativeMethodAccessorImpl.invoke(NativeMethodAccessorImpl.java:77)\n\tat java.base/jdk.internal.reflect.DelegatingMethodAccessorImpl.invoke(DelegatingMethodAccessorImpl.java:43)\n\tat java.base/java.lang.reflect.Method.invoke(Method.java:569)\n\tat org.testng.internal.invokers.MethodInvocationHelper.invokeMethod(MethodInvocationHelper.java:139)\n\tat org.testng.internal.invokers.TestInvoker.invokeMethod(TestInvoker.java:664)\n\tat org.testng.internal.invokers.TestInvoker.invokeTestMethod(TestInvoker.java:227)\n\tat org.testng.internal.invokers.MethodRunner.runInSequence(MethodRunner.java:50)\n\tat org.testng.internal.invokers.TestInvoker$MethodInvocationAgent.invoke(TestInvoker.java:957)\n\tat org.testng.internal.invokers.TestInvoker.invokeTestMethods(TestInvoker.java:200)\n\tat org.testng.internal.invokers.TestMethodWorker.invokeTestMethods(TestMethodWorker.java:148)\n\tat org.testng.internal.invokers.TestMethodWorker.run(TestMethodWorker.java:128)\n\tat java.base/java.util.concurrent.ThreadPoolExecutor.runWorker(ThreadPoolExecutor.java:1136)\n\tat java.base/java.util.concurrent.ThreadPoolExecutor$Worker.run(ThreadPoolExecutor.java:635)\n\tat java.base/java.lang.Thread.run(Thread.java:840)\n","steps":[{"name":"Request: GET http://3.68.165.45/player/create/supervisor","time":{"start":1758481726028,"stop":1758481726028,"duration":0},"status":"passed","steps":[],"attachments":[],"parameters":[],"shouldDisplayMessage":false,"stepsCount":0,"attachmentsCount":0,"hasContent":false},{"name":"Response: 200 (212ms)","time":{"start":1758481726028,"stop":1758481726028,"duration":0},"status":"passed","steps":[],"attachments":[],"parameters":[],"shouldDisplayMessage":false,"stepsCount":0,"attachmentsCount":0,"hasContent":false}],"attachments":[{"uid":"56056506772ba248","name":"Create Player Request (Expecting Failure)","source":"56056506772ba248.json","type":"application/json","size":134},{"uid":"33e571f6421aa828","name":"Request","source":"33e571f6421aa828.html","type":"text/html","size":769},{"uid":"1ac5f7e5912e8d79","name":"HTTP/1.1 200 ","source":"1ac5f7e5912e8d79.html","type":"text/html","size":619},{"uid":"a62853e590b57ffe","name":"Request Body","source":"a62853e590b57ffe.json","type":"application/json","size":134},{"uid":"ec5256db55306811","name":"Request URL","source":"ec5256db55306811.txt","type":"text/plain","size":43},{"uid":"c4922e6d0af1713a","name":"Response Body","source":"c4922e6d0af1713a.json","type":"application/json","size":125},{"uid":"229ce8d84054f276","name":"Response Headers","source":"229ce8d84054f276.txt","type":"text/plain","size":134}],"parameters":[{"name":"editorRole","value":"supervisor"},{"name":"requestBody","value":"{password=nouppercase123, role=user, gender=male, screenName=Seelconsequuntur_1758481725805, login=ozie.friesen_1758481725805, age=25}"},{"name":"expectedStatusCode","value":"400"}],"shouldDisplayMessage":true,"stepsCount":2,"attachmentsCount":7,"hasContent":true}],"attachments":[],"parameters":[],"shouldDisplayMessage":false,"stepsCount":3,"attachmentsCount":7,"hasContent":true},"afterStages":[{"name":"afterMethod","time":{"start":1758481726031,"stop":1758481726031,"duration":0},"description":"","status":"passed","steps":[{"name":"Test Failed","time":{"start":1758481726031,"stop":1758481726031,"duration":0},"status":"passed","steps":[],"attachments":[{"uid":"8f8f9a5e2fb4faf3","name":"Step Details","source":"8f8f9a5e2fb4faf3.txt","type":"text/plain","size":173}],"parameters":[],"shouldDisplayMessage":false,"stepsCount":0,"attachmentsCount":1,"hasContent":true}],"attachments":[],"parameters":[],"shouldDisplayMessage":false,"stepsCount":1,"attachmentsCount":1,"hasContent":true},{"name":"afterClass","time":{"start":1758481746342,"stop":1758481746342,"duration":0},"description":"","status":"passed","steps":[],"attachments":[],"parameters":[],"shouldDisplayMessage":false,"stepsCount":0,"attachmentsCount":0,"hasContent":false}],"labels":[{"name":"package","value":"com.automation.testing.tests.PlayerCreateTests"},{"name":"testClass","value":"com.automation.testing.tests.PlayerCreateTests"},{"name":"testMethod","value":"testCreatePlayerWithInvalidPassword"},{"name":"parentSuite","value":"Player API Test Suite"},{"name":"suite","value":"Player Create Tests"},{"name":"subSuite","value":"com.automation.testing.tests.PlayerCreateTests"},{"name":"host","value":"runnervmf4ws1"},{"name":"thread","value":"2227@runnervmf4ws1.TestNG-test=Player Create Tests-3(22)"},{"name":"framework","value":"testng"},{"name":"language","value":"java"},{"name":"epic","value":"Player Management"},{"name":"feature","value":"Player Creation"},{"name":"resultFormat","value":"allure2"}],"parameters":[{"name":"Response Time (ms)","value":"212"},{"name":"Status Code","value":"200"},{"name":"arg0","value":"nouppercase123"},{"name":"environment","value":"dev"}],"links":[],"hidden":false,"retry":false,"extra":{"severity":"normal","retries":[],"categories":[{"name":"Product defects","matchedStatuses":[],"flaky":false}],"tags":[]},"source":"134cce740daab477.json","parameterValues":["212","200","nouppercase123","dev"]}