{"uid":"662bba4c1392c03b","name":"testCreatePlayerWithInvalidPassword","fullName":"com.automation.testing.tests.PlayerCreateTests.testCreatePlayerWithInvalidPassword","historyId":"c8ce6539fe77bad7994e781f789edf29","time":{"start":1758482620259,"stop":1758482620604,"duration":345},"description":"Test player creation failure with invalid password (BUG-003)","descriptionHtml":"<p>Test player creation failure with invalid password (BUG-003)</p>\n","status":"failed","statusMessage":"Expected status code 400 but got 200. Response: {\"id\":356595015,\"login\":\"samual.yost_1758482620259\",\"password\":null,\"screenName\":null,\"gender\":null,\"age\":null,\"role\":null}","statusTrace":"java.lang.AssertionError: Expected status code 400 but got 200. Response: {\"id\":356595015,\"login\":\"samual.yost_1758482620259\",\"password\":null,\"screenName\":null,\"gender\":null,\"age\":null,\"role\":null}\n\tat com.automation.testing.base.BaseApiService.validateStatusCode(BaseApiService.java:199)\n\tat com.automation.testing.services.PlayerApiService.createPlayerExpectingFailure(PlayerApiService.java:217)\n\tat com.automation.testing.tests.PlayerCreateTests.testCreatePlayerWithInvalidPassword(PlayerCreateTests.java:121)\n\tat java.base/jdk.internal.reflect.NativeMethodAccessorImpl.invoke0(Native Method)\n\tat java.base/jdk.internal.reflect.NativeMethodAccessorImpl.invoke(NativeMethodAccessorImpl.java:77)\n\tat java.base/jdk.internal.reflect.DelegatingMethodAccessorImpl.invoke(DelegatingMethodAccessorImpl.java:43)\n\tat java.base/java.lang.reflect.Method.invoke(Method.java:569)\n\tat org.testng.internal.invokers.MethodInvocationHelper.invokeMethod(MethodInvocationHelper.java:139)\n\tat org.testng.internal.invokers.TestInvoker.invokeMethod(TestInvoker.java:664)\n\tat org.testng.internal.invokers.TestInvoker.invokeTestMethod(TestInvoker.java:227)\n\tat org.testng.internal.invokers.MethodRunner.runInSequence(MethodRunner.java:50)\n\tat org.testng.internal.invokers.TestInvoker$MethodInvocationAgent.invoke(TestInvoker.java:957)\n\tat org.testng.internal.invokers.TestInvoker.invokeTestMethods(TestInvoker.java:200)\n\tat org.testng.internal.invokers.TestMethodWorker.invokeTestMethods(TestMethodWorker.java:148)\n\tat org.testng.internal.invokers.TestMethodWorker.run(TestMethodWorker.java:128)\n\tat java.base/java.util.concurrent.ThreadPoolExecutor.runWorker(ThreadPoolExecutor.java:1136)\n\tat java.base/java.util.concurrent.ThreadPoolExecutor$Worker.run(ThreadPoolExecutor.java:635)\n\tat java.base/java.lang.Thread.run(Thread.java:840)\n","flaky":false,"newFailed":false,"newBroken":false,"newPassed":false,"retriesCount":0,"retriesStatusChange":false,"beforeStages":[{"name":"beforeClass","time":{"start":1758482614624,"stop":1758482614624,"duration":0},"description":"","status":"passed","steps":[],"attachments":[],"parameters":[],"shouldDisplayMessage":false,"stepsCount":0,"attachmentsCount":0,"hasContent":false},{"name":"setupClass","time":{"start":1758482614625,"stop":1758482615754,"duration":1129},"description":"","status":"passed","steps":[],"attachments":[],"parameters":[],"shouldDisplayMessage":false,"stepsCount":0,"attachmentsCount":0,"hasContent":false},{"name":"beforeMethod","time":{"start":1758482620255,"stop":1758482620256,"duration":1},"description":"","status":"passed","steps":[],"attachments":[],"parameters":[],"shouldDisplayMessage":false,"stepsCount":0,"attachmentsCount":0,"hasContent":false}],"testStage":{"description":"Test player creation failure with invalid password (BUG-003)","status":"failed","statusMessage":"Expected status code 400 but got 200. Response: {\"id\":356595015,\"login\":\"samual.yost_1758482620259\",\"password\":null,\"screenName\":null,\"gender\":null,\"age\":null,\"role\":null}","statusTrace":"java.lang.AssertionError: Expected status code 400 but got 200. Response: {\"id\":356595015,\"login\":\"samual.yost_1758482620259\",\"password\":null,\"screenName\":null,\"gender\":null,\"age\":null,\"role\":null}\n\tat com.automation.testing.base.BaseApiService.validateStatusCode(BaseApiService.java:199)\n\tat com.automation.testing.services.PlayerApiService.createPlayerExpectingFailure(PlayerApiService.java:217)\n\tat com.automation.testing.tests.PlayerCreateTests.testCreatePlayerWithInvalidPassword(PlayerCreateTests.java:121)\n\tat java.base/jdk.internal.reflect.NativeMethodAccessorImpl.invoke0(Native Method)\n\tat java.base/jdk.internal.reflect.NativeMethodAccessorImpl.invoke(NativeMethodAccessorImpl.java:77)\n\tat java.base/jdk.internal.reflect.DelegatingMethodAccessorImpl.invoke(DelegatingMethodAccessorImpl.java:43)\n\tat java.base/java.lang.reflect.Method.invoke(Method.java:569)\n\tat org.testng.internal.invokers.MethodInvocationHelper.invokeMethod(MethodInvocationHelper.java:139)\n\tat org.testng.internal.invokers.TestInvoker.invokeMethod(TestInvoker.java:664)\n\tat org.testng.internal.invokers.TestInvoker.invokeTestMethod(TestInvoker.java:227)\n\tat org.testng.internal.invokers.MethodRunner.runInSequence(MethodRunner.java:50)\n\tat org.testng.internal.invokers.TestInvoker$MethodInvocationAgent.invoke(TestInvoker.java:957)\n\tat org.testng.internal.invokers.TestInvoker.invokeTestMethods(TestInvoker.java:200)\n\tat org.testng.internal.invokers.TestMethodWorker.invokeTestMethods(TestMethodWorker.java:148)\n\tat org.testng.internal.invokers.TestMethodWorker.run(TestMethodWorker.java:128)\n\tat java.base/java.util.concurrent.ThreadPoolExecutor.runWorker(ThreadPoolExecutor.java:1136)\n\tat java.base/java.util.concurrent.ThreadPoolExecutor$Worker.run(ThreadPoolExecutor.java:635)\n\tat java.base/java.lang.Thread.run(Thread.java:840)\n","steps":[{"name":"Create player expecting failure with status 400","time":{"start":1758482620259,"stop":1758482620603,"duration":344},"status":"failed","statusMessage":"Expected status code 400 but got 200. Response: {\"id\":356595015,\"login\":\"samual.yost_1758482620259\",\"password\":null,\"screenName\":null,\"gender\":null,\"age\":null,\"role\":null}","statusTrace":"java.lang.AssertionError: Expected status code 400 but got 200. Response: {\"id\":356595015,\"login\":\"samual.yost_1758482620259\",\"password\":null,\"screenName\":null,\"gender\":null,\"age\":null,\"role\":null}\n\tat com.automation.testing.base.BaseApiService.validateStatusCode(BaseApiService.java:199)\n\tat com.automation.testing.services.PlayerApiService.createPlayerExpectingFailure(PlayerApiService.java:217)\n\tat com.automation.testing.tests.PlayerCreateTests.testCreatePlayerWithInvalidPassword(PlayerCreateTests.java:121)\n\tat java.base/jdk.internal.reflect.NativeMethodAccessorImpl.invoke0(Native Method)\n\tat java.base/jdk.internal.reflect.NativeMethodAccessorImpl.invoke(NativeMethodAccessorImpl.java:77)\n\tat java.base/jdk.internal.reflect.DelegatingMethodAccessorImpl.invoke(DelegatingMethodAccessorImpl.java:43)\n\tat java.base/java.lang.reflect.Method.invoke(Method.java:569)\n\tat org.testng.internal.invokers.MethodInvocationHelper.invokeMethod(MethodInvocationHelper.java:139)\n\tat org.testng.internal.invokers.TestInvoker.invokeMethod(TestInvoker.java:664)\n\tat org.testng.internal.invokers.TestInvoker.invokeTestMethod(TestInvoker.java:227)\n\tat org.testng.internal.invokers.MethodRunner.runInSequence(MethodRunner.java:50)\n\tat org.testng.internal.invokers.TestInvoker$MethodInvocationAgent.invoke(TestInvoker.java:957)\n\tat org.testng.internal.invokers.TestInvoker.invokeTestMethods(TestInvoker.java:200)\n\tat org.testng.internal.invokers.TestMethodWorker.invokeTestMethods(TestMethodWorker.java:148)\n\tat org.testng.internal.invokers.TestMethodWorker.run(TestMethodWorker.java:128)\n\tat java.base/java.util.concurrent.ThreadPoolExecutor.runWorker(ThreadPoolExecutor.java:1136)\n\tat java.base/java.util.concurrent.ThreadPoolExecutor$Worker.run(ThreadPoolExecutor.java:635)\n\tat java.base/java.lang.Thread.run(Thread.java:840)\n","steps":[{"name":"Request: GET http://3.68.165.45/player/create/supervisor","time":{"start":1758482620601,"stop":1758482620602,"duration":1},"status":"passed","steps":[],"attachments":[],"parameters":[],"shouldDisplayMessage":false,"stepsCount":0,"attachmentsCount":0,"hasContent":false},{"name":"Response: 200 (333ms)","time":{"start":1758482620602,"stop":1758482620602,"duration":0},"status":"passed","steps":[],"attachments":[],"parameters":[],"shouldDisplayMessage":false,"stepsCount":0,"attachmentsCount":0,"hasContent":false}],"attachments":[{"uid":"b1111804fac78979","name":"Create Player Request (Expecting Failure)","source":"b1111804fac78979.json","type":"application/json","size":130},{"uid":"f229a1ea8cf2b4aa","name":"Request","source":"f229a1ea8cf2b4aa.html","type":"text/html","size":761},{"uid":"e44cef20bb70852c","name":"HTTP/1.1 200 ","source":"e44cef20bb70852c.html","type":"text/html","size":617},{"uid":"a4edf6256922d4a2","name":"Request Body","source":"a4edf6256922d4a2.json","type":"application/json","size":130},{"uid":"2b6344fe5d973093","name":"Request URL","source":"2b6344fe5d973093.txt","type":"text/plain","size":43},{"uid":"c880b496003ca0aa","name":"Response Body","source":"c880b496003ca0aa.json","type":"application/json","size":123},{"uid":"762852de476e568c","name":"Response Headers","source":"762852de476e568c.txt","type":"text/plain","size":134}],"parameters":[{"name":"editorRole","value":"supervisor"},{"name":"requestBody","value":"{password=NOLOWERCASE123, role=user, gender=male, screenName=Shelldervitae_1758482620259, login=samual.yost_1758482620259, age=25}"},{"name":"expectedStatusCode","value":"400"}],"shouldDisplayMessage":true,"stepsCount":2,"attachmentsCount":7,"hasContent":true}],"attachments":[],"parameters":[],"shouldDisplayMessage":false,"stepsCount":3,"attachmentsCount":7,"hasContent":true},"afterStages":[{"name":"afterMethod","time":{"start":1758482620607,"stop":1758482620608,"duration":1},"description":"","status":"passed","steps":[{"name":"Test Failed","time":{"start":1758482620608,"stop":1758482620608,"duration":0},"status":"passed","steps":[],"attachments":[{"uid":"cc89641528b14607","name":"Step Details","source":"cc89641528b14607.txt","type":"text/plain","size":171}],"parameters":[],"shouldDisplayMessage":false,"stepsCount":0,"attachmentsCount":1,"hasContent":true}],"attachments":[],"parameters":[],"shouldDisplayMessage":false,"stepsCount":1,"attachmentsCount":1,"hasContent":true},{"name":"afterClass","time":{"start":1758482640641,"stop":1758482640641,"duration":0},"description":"","status":"passed","steps":[],"attachments":[],"parameters":[],"shouldDisplayMessage":false,"stepsCount":0,"attachmentsCount":0,"hasContent":false}],"labels":[{"name":"package","value":"com.automation.testing.tests.PlayerCreateTests"},{"name":"testClass","value":"com.automation.testing.tests.PlayerCreateTests"},{"name":"testMethod","value":"testCreatePlayerWithInvalidPassword"},{"name":"parentSuite","value":"Player API Test Suite"},{"name":"suite","value":"Player Create Tests"},{"name":"subSuite","value":"com.automation.testing.tests.PlayerCreateTests"},{"name":"host","value":"runnervmf4ws1"},{"name":"thread","value":"2196@runnervmf4ws1.TestNG-test=Player Create Tests-3(22)"},{"name":"framework","value":"testng"},{"name":"language","value":"java"},{"name":"epic","value":"Player Management"},{"name":"feature","value":"Player Creation"},{"name":"resultFormat","value":"allure2"}],"parameters":[{"name":"Response Time (ms)","value":"333"},{"name":"Status Code","value":"200"},{"name":"arg0","value":"NOLOWERCASE123"},{"name":"environment","value":"dev"}],"links":[],"hidden":false,"retry":false,"extra":{"severity":"normal","retries":[],"categories":[{"name":"Product defects","matchedStatuses":[],"flaky":false}],"tags":[]},"source":"662bba4c1392c03b.json","parameterValues":["333","200","NOLOWERCASE123","dev"]}