{"uid":"995358788fed1579","name":"testCreatePlayerWithInvalidGender","fullName":"com.automation.testing.tests.PlayerCreateTests.testCreatePlayerWithInvalidGender","historyId":"12575287708a8f601d6c6c04c30b83c6","time":{"start":1758483108534,"stop":1758483108746,"duration":212},"description":"Test player creation failure with invalid gender","descriptionHtml":"<p>Test player creation failure with invalid gender</p>\n","status":"failed","statusMessage":"Expected status code 400 but got 200. Response: {\"id\":2059369299,\"login\":\"virgilio.graham_1758483108534\",\"password\":null,\"screenName\":null,\"gender\":null,\"age\":null,\"role\":null}","statusTrace":"java.lang.AssertionError: Expected status code 400 but got 200. Response: {\"id\":2059369299,\"login\":\"virgilio.graham_1758483108534\",\"password\":null,\"screenName\":null,\"gender\":null,\"age\":null,\"role\":null}\n\tat com.automation.testing.base.BaseApiService.validateStatusCode(BaseApiService.java:199)\n\tat com.automation.testing.services.PlayerApiService.createPlayerExpectingFailure(PlayerApiService.java:217)\n\tat com.automation.testing.tests.PlayerCreateTests.testCreatePlayerWithInvalidGender(PlayerCreateTests.java:132)\n\tat java.base/jdk.internal.reflect.NativeMethodAccessorImpl.invoke0(Native Method)\n\tat java.base/jdk.internal.reflect.NativeMethodAccessorImpl.invoke(NativeMethodAccessorImpl.java:77)\n\tat java.base/jdk.internal.reflect.DelegatingMethodAccessorImpl.invoke(DelegatingMethodAccessorImpl.java:43)\n\tat java.base/java.lang.reflect.Method.invoke(Method.java:569)\n\tat org.testng.internal.invokers.MethodInvocationHelper.invokeMethod(MethodInvocationHelper.java:139)\n\tat org.testng.internal.invokers.TestInvoker.invokeMethod(TestInvoker.java:664)\n\tat org.testng.internal.invokers.TestInvoker.invokeTestMethod(TestInvoker.java:227)\n\tat org.testng.internal.invokers.MethodRunner.runInSequence(MethodRunner.java:50)\n\tat org.testng.internal.invokers.TestInvoker$MethodInvocationAgent.invoke(TestInvoker.java:957)\n\tat org.testng.internal.invokers.TestInvoker.invokeTestMethods(TestInvoker.java:200)\n\tat org.testng.internal.invokers.TestMethodWorker.invokeTestMethods(TestMethodWorker.java:148)\n\tat org.testng.internal.invokers.TestMethodWorker.run(TestMethodWorker.java:128)\n\tat java.base/java.util.concurrent.ThreadPoolExecutor.runWorker(ThreadPoolExecutor.java:1136)\n\tat java.base/java.util.concurrent.ThreadPoolExecutor$Worker.run(ThreadPoolExecutor.java:635)\n\tat java.base/java.lang.Thread.run(Thread.java:840)\n","flaky":false,"newFailed":false,"newBroken":false,"newPassed":false,"retriesCount":0,"retriesStatusChange":false,"beforeStages":[{"name":"beforeClass","time":{"start":1758483104218,"stop":1758483104219,"duration":1},"description":"","status":"passed","steps":[],"attachments":[],"parameters":[],"shouldDisplayMessage":false,"stepsCount":0,"attachmentsCount":0,"hasContent":false},{"name":"setupClass","time":{"start":1758483104219,"stop":1758483105521,"duration":1302},"description":"","status":"passed","steps":[],"attachments":[],"parameters":[],"shouldDisplayMessage":false,"stepsCount":0,"attachmentsCount":0,"hasContent":false},{"name":"beforeMethod","time":{"start":1758483108527,"stop":1758483108527,"duration":0},"description":"","status":"passed","steps":[],"attachments":[],"parameters":[],"shouldDisplayMessage":false,"stepsCount":0,"attachmentsCount":0,"hasContent":false}],"testStage":{"description":"Test player creation failure with invalid gender","status":"failed","statusMessage":"Expected status code 400 but got 200. Response: {\"id\":2059369299,\"login\":\"virgilio.graham_1758483108534\",\"password\":null,\"screenName\":null,\"gender\":null,\"age\":null,\"role\":null}","statusTrace":"java.lang.AssertionError: Expected status code 400 but got 200. Response: {\"id\":2059369299,\"login\":\"virgilio.graham_1758483108534\",\"password\":null,\"screenName\":null,\"gender\":null,\"age\":null,\"role\":null}\n\tat com.automation.testing.base.BaseApiService.validateStatusCode(BaseApiService.java:199)\n\tat com.automation.testing.services.PlayerApiService.createPlayerExpectingFailure(PlayerApiService.java:217)\n\tat com.automation.testing.tests.PlayerCreateTests.testCreatePlayerWithInvalidGender(PlayerCreateTests.java:132)\n\tat java.base/jdk.internal.reflect.NativeMethodAccessorImpl.invoke0(Native Method)\n\tat java.base/jdk.internal.reflect.NativeMethodAccessorImpl.invoke(NativeMethodAccessorImpl.java:77)\n\tat java.base/jdk.internal.reflect.DelegatingMethodAccessorImpl.invoke(DelegatingMethodAccessorImpl.java:43)\n\tat java.base/java.lang.reflect.Method.invoke(Method.java:569)\n\tat org.testng.internal.invokers.MethodInvocationHelper.invokeMethod(MethodInvocationHelper.java:139)\n\tat org.testng.internal.invokers.TestInvoker.invokeMethod(TestInvoker.java:664)\n\tat org.testng.internal.invokers.TestInvoker.invokeTestMethod(TestInvoker.java:227)\n\tat org.testng.internal.invokers.MethodRunner.runInSequence(MethodRunner.java:50)\n\tat org.testng.internal.invokers.TestInvoker$MethodInvocationAgent.invoke(TestInvoker.java:957)\n\tat org.testng.internal.invokers.TestInvoker.invokeTestMethods(TestInvoker.java:200)\n\tat org.testng.internal.invokers.TestMethodWorker.invokeTestMethods(TestMethodWorker.java:148)\n\tat org.testng.internal.invokers.TestMethodWorker.run(TestMethodWorker.java:128)\n\tat java.base/java.util.concurrent.ThreadPoolExecutor.runWorker(ThreadPoolExecutor.java:1136)\n\tat java.base/java.util.concurrent.ThreadPoolExecutor$Worker.run(ThreadPoolExecutor.java:635)\n\tat java.base/java.lang.Thread.run(Thread.java:840)\n","steps":[{"name":"Create player expecting failure with status 400","time":{"start":1758483108535,"stop":1758483108745,"duration":210},"status":"failed","statusMessage":"Expected status code 400 but got 200. Response: {\"id\":2059369299,\"login\":\"virgilio.graham_1758483108534\",\"password\":null,\"screenName\":null,\"gender\":null,\"age\":null,\"role\":null}","statusTrace":"java.lang.AssertionError: Expected status code 400 but got 200. Response: {\"id\":2059369299,\"login\":\"virgilio.graham_1758483108534\",\"password\":null,\"screenName\":null,\"gender\":null,\"age\":null,\"role\":null}\n\tat com.automation.testing.base.BaseApiService.validateStatusCode(BaseApiService.java:199)\n\tat com.automation.testing.services.PlayerApiService.createPlayerExpectingFailure(PlayerApiService.java:217)\n\tat com.automation.testing.tests.PlayerCreateTests.testCreatePlayerWithInvalidGender(PlayerCreateTests.java:132)\n\tat java.base/jdk.internal.reflect.NativeMethodAccessorImpl.invoke0(Native Method)\n\tat java.base/jdk.internal.reflect.NativeMethodAccessorImpl.invoke(NativeMethodAccessorImpl.java:77)\n\tat java.base/jdk.internal.reflect.DelegatingMethodAccessorImpl.invoke(DelegatingMethodAccessorImpl.java:43)\n\tat java.base/java.lang.reflect.Method.invoke(Method.java:569)\n\tat org.testng.internal.invokers.MethodInvocationHelper.invokeMethod(MethodInvocationHelper.java:139)\n\tat org.testng.internal.invokers.TestInvoker.invokeMethod(TestInvoker.java:664)\n\tat org.testng.internal.invokers.TestInvoker.invokeTestMethod(TestInvoker.java:227)\n\tat org.testng.internal.invokers.MethodRunner.runInSequence(MethodRunner.java:50)\n\tat org.testng.internal.invokers.TestInvoker$MethodInvocationAgent.invoke(TestInvoker.java:957)\n\tat org.testng.internal.invokers.TestInvoker.invokeTestMethods(TestInvoker.java:200)\n\tat org.testng.internal.invokers.TestMethodWorker.invokeTestMethods(TestMethodWorker.java:148)\n\tat org.testng.internal.invokers.TestMethodWorker.run(TestMethodWorker.java:128)\n\tat java.base/java.util.concurrent.ThreadPoolExecutor.runWorker(ThreadPoolExecutor.java:1136)\n\tat java.base/java.util.concurrent.ThreadPoolExecutor$Worker.run(ThreadPoolExecutor.java:635)\n\tat java.base/java.lang.Thread.run(Thread.java:840)\n","steps":[{"name":"Request: GET http://3.68.165.45/player/create/supervisor","time":{"start":1758483108744,"stop":1758483108744,"duration":0},"status":"passed","steps":[],"attachments":[],"parameters":[],"shouldDisplayMessage":false,"stepsCount":0,"attachmentsCount":0,"hasContent":false},{"name":"Response: 200 (193ms)","time":{"start":1758483108744,"stop":1758483108744,"duration":0},"status":"passed","steps":[],"attachments":[],"parameters":[],"shouldDisplayMessage":false,"stepsCount":0,"attachmentsCount":0,"hasContent":false}],"attachments":[{"uid":"ad4e771a73dd9aa6","name":"Create Player Request (Expecting Failure)","source":"ad4e771a73dd9aa6.json","type":"application/json","size":135},{"uid":"68de9452a17eacb3","name":"Request","source":"68de9452a17eacb3.html","type":"text/html","size":779},{"uid":"58ff887f66b99f65","name":"HTTP/1.1 200 ","source":"58ff887f66b99f65.html","type":"text/html","size":622},{"uid":"eab47acdfdb20361","name":"Request Body","source":"eab47acdfdb20361.json","type":"application/json","size":135},{"uid":"87876797b0ebcff","name":"Request URL","source":"87876797b0ebcff.txt","type":"text/plain","size":43},{"uid":"391f28705204d39b","name":"Response Body","source":"391f28705204d39b.json","type":"application/json","size":128},{"uid":"2480848e34676927","name":"Response Headers","source":"2480848e34676927.txt","type":"text/plain","size":134}],"parameters":[{"name":"editorRole","value":"supervisor"},{"name":"requestBody","value":"{password=A%x8HRWp%, role=user, gender=unknown, screenName=Raticatedelectus_1758483108534, login=virgilio.graham_1758483108534, age=50}"},{"name":"expectedStatusCode","value":"400"}],"shouldDisplayMessage":true,"stepsCount":2,"attachmentsCount":7,"hasContent":true}],"attachments":[],"parameters":[],"shouldDisplayMessage":false,"stepsCount":3,"attachmentsCount":7,"hasContent":true},"afterStages":[{"name":"afterMethod","time":{"start":1758483108747,"stop":1758483108748,"duration":1},"description":"","status":"passed","steps":[{"name":"Test Failed","time":{"start":1758483108747,"stop":1758483108748,"duration":1},"status":"passed","steps":[],"attachments":[{"uid":"e65a5802eb07fe48","name":"Step Details","source":"e65a5802eb07fe48.txt","type":"text/plain","size":176}],"parameters":[],"shouldDisplayMessage":false,"stepsCount":0,"attachmentsCount":1,"hasContent":true}],"attachments":[],"parameters":[],"shouldDisplayMessage":false,"stepsCount":1,"attachmentsCount":1,"hasContent":true},{"name":"afterClass","time":{"start":1758483129484,"stop":1758483129485,"duration":1},"description":"","status":"passed","steps":[],"attachments":[],"parameters":[],"shouldDisplayMessage":false,"stepsCount":0,"attachmentsCount":0,"hasContent":false}],"labels":[{"name":"package","value":"com.automation.testing.tests.PlayerCreateTests"},{"name":"testClass","value":"com.automation.testing.tests.PlayerCreateTests"},{"name":"testMethod","value":"testCreatePlayerWithInvalidGender"},{"name":"parentSuite","value":"Player API Test Suite"},{"name":"suite","value":"Player Create Tests"},{"name":"subSuite","value":"com.automation.testing.tests.PlayerCreateTests"},{"name":"host","value":"runnervmf4ws1"},{"name":"thread","value":"2193@runnervmf4ws1.TestNG-test=Player Create Tests-1(20)"},{"name":"framework","value":"testng"},{"name":"language","value":"java"},{"name":"epic","value":"Player Management"},{"name":"feature","value":"Player Creation"},{"name":"resultFormat","value":"allure2"}],"parameters":[{"name":"Response Time (ms)","value":"193"},{"name":"Status Code","value":"200"},{"name":"arg0","value":"unknown"},{"name":"environment","value":"dev"}],"links":[],"hidden":false,"retry":false,"extra":{"severity":"normal","retries":[],"categories":[{"name":"Product defects","matchedStatuses":[],"flaky":false}],"tags":[]},"source":"995358788fed1579.json","parameterValues":["193","200","unknown","dev"]}