{"uid":"b30085d9fbe6d65e","name":"testCreatePlayerWithInvalidPassword","fullName":"com.automation.testing.tests.PlayerCreateTests.testCreatePlayerWithInvalidPassword","historyId":"c7ba537efeb851486e1ab09879655643","time":{"start":1758481725573,"stop":1758481725799,"duration":226},"description":"Test player creation failure with invalid password (BUG-003)","descriptionHtml":"<p>Test player creation failure with invalid password (BUG-003)</p>\n","status":"failed","statusMessage":"Expected status code 400 but got 200. Response: {\"id\":2086522445,\"login\":\"tania.heaney_1758481725573\",\"password\":null,\"screenName\":null,\"gender\":null,\"age\":null,\"role\":null}","statusTrace":"java.lang.AssertionError: Expected status code 400 but got 200. Response: {\"id\":2086522445,\"login\":\"tania.heaney_1758481725573\",\"password\":null,\"screenName\":null,\"gender\":null,\"age\":null,\"role\":null}\n\tat com.automation.testing.base.BaseApiService.validateStatusCode(BaseApiService.java:199)\n\tat com.automation.testing.services.PlayerApiService.createPlayerExpectingFailure(PlayerApiService.java:217)\n\tat com.automation.testing.tests.PlayerCreateTests.testCreatePlayerWithInvalidPassword(PlayerCreateTests.java:161)\n\tat java.base/jdk.internal.reflect.NativeMethodAccessorImpl.invoke0(Native Method)\n\tat java.base/jdk.internal.reflect.NativeMethodAccessorImpl.invoke(NativeMethodAccessorImpl.java:77)\n\tat java.base/jdk.internal.reflect.DelegatingMethodAccessorImpl.invoke(DelegatingMethodAccessorImpl.java:43)\n\tat java.base/java.lang.reflect.Method.invoke(Method.java:569)\n\tat org.testng.internal.invokers.MethodInvocationHelper.invokeMethod(MethodInvocationHelper.java:139)\n\tat org.testng.internal.invokers.TestInvoker.invokeMethod(TestInvoker.java:664)\n\tat org.testng.internal.invokers.TestInvoker.invokeTestMethod(TestInvoker.java:227)\n\tat org.testng.internal.invokers.MethodRunner.runInSequence(MethodRunner.java:50)\n\tat org.testng.internal.invokers.TestInvoker$MethodInvocationAgent.invoke(TestInvoker.java:957)\n\tat org.testng.internal.invokers.TestInvoker.invokeTestMethods(TestInvoker.java:200)\n\tat org.testng.internal.invokers.TestMethodWorker.invokeTestMethods(TestMethodWorker.java:148)\n\tat org.testng.internal.invokers.TestMethodWorker.run(TestMethodWorker.java:128)\n\tat java.base/java.util.concurrent.ThreadPoolExecutor.runWorker(ThreadPoolExecutor.java:1136)\n\tat java.base/java.util.concurrent.ThreadPoolExecutor$Worker.run(ThreadPoolExecutor.java:635)\n\tat java.base/java.lang.Thread.run(Thread.java:840)\n","flaky":false,"newFailed":false,"newBroken":false,"newPassed":false,"retriesCount":0,"retriesStatusChange":false,"beforeStages":[{"name":"beforeClass","time":{"start":1758481721176,"stop":1758481721177,"duration":1},"description":"","status":"passed","steps":[],"attachments":[],"parameters":[],"shouldDisplayMessage":false,"stepsCount":0,"attachmentsCount":0,"hasContent":false},{"name":"setupClass","time":{"start":1758481721177,"stop":1758481722243,"duration":1066},"description":"","status":"passed","steps":[],"attachments":[],"parameters":[],"shouldDisplayMessage":false,"stepsCount":0,"attachmentsCount":0,"hasContent":false},{"name":"beforeMethod","time":{"start":1758481725571,"stop":1758481725571,"duration":0},"description":"","status":"passed","steps":[],"attachments":[],"parameters":[],"shouldDisplayMessage":false,"stepsCount":0,"attachmentsCount":0,"hasContent":false}],"testStage":{"description":"Test player creation failure with invalid password (BUG-003)","status":"failed","statusMessage":"Expected status code 400 but got 200. Response: {\"id\":2086522445,\"login\":\"tania.heaney_1758481725573\",\"password\":null,\"screenName\":null,\"gender\":null,\"age\":null,\"role\":null}","statusTrace":"java.lang.AssertionError: Expected status code 400 but got 200. Response: {\"id\":2086522445,\"login\":\"tania.heaney_1758481725573\",\"password\":null,\"screenName\":null,\"gender\":null,\"age\":null,\"role\":null}\n\tat com.automation.testing.base.BaseApiService.validateStatusCode(BaseApiService.java:199)\n\tat com.automation.testing.services.PlayerApiService.createPlayerExpectingFailure(PlayerApiService.java:217)\n\tat com.automation.testing.tests.PlayerCreateTests.testCreatePlayerWithInvalidPassword(PlayerCreateTests.java:161)\n\tat java.base/jdk.internal.reflect.NativeMethodAccessorImpl.invoke0(Native Method)\n\tat java.base/jdk.internal.reflect.NativeMethodAccessorImpl.invoke(NativeMethodAccessorImpl.java:77)\n\tat java.base/jdk.internal.reflect.DelegatingMethodAccessorImpl.invoke(DelegatingMethodAccessorImpl.java:43)\n\tat java.base/java.lang.reflect.Method.invoke(Method.java:569)\n\tat org.testng.internal.invokers.MethodInvocationHelper.invokeMethod(MethodInvocationHelper.java:139)\n\tat org.testng.internal.invokers.TestInvoker.invokeMethod(TestInvoker.java:664)\n\tat org.testng.internal.invokers.TestInvoker.invokeTestMethod(TestInvoker.java:227)\n\tat org.testng.internal.invokers.MethodRunner.runInSequence(MethodRunner.java:50)\n\tat org.testng.internal.invokers.TestInvoker$MethodInvocationAgent.invoke(TestInvoker.java:957)\n\tat org.testng.internal.invokers.TestInvoker.invokeTestMethods(TestInvoker.java:200)\n\tat org.testng.internal.invokers.TestMethodWorker.invokeTestMethods(TestMethodWorker.java:148)\n\tat org.testng.internal.invokers.TestMethodWorker.run(TestMethodWorker.java:128)\n\tat java.base/java.util.concurrent.ThreadPoolExecutor.runWorker(ThreadPoolExecutor.java:1136)\n\tat java.base/java.util.concurrent.ThreadPoolExecutor$Worker.run(ThreadPoolExecutor.java:635)\n\tat java.base/java.lang.Thread.run(Thread.java:840)\n","steps":[{"name":"Create player expecting failure with status 400","time":{"start":1758481725573,"stop":1758481725799,"duration":226},"status":"failed","statusMessage":"Expected status code 400 but got 200. Response: {\"id\":2086522445,\"login\":\"tania.heaney_1758481725573\",\"password\":null,\"screenName\":null,\"gender\":null,\"age\":null,\"role\":null}","statusTrace":"java.lang.AssertionError: Expected status code 400 but got 200. Response: {\"id\":2086522445,\"login\":\"tania.heaney_1758481725573\",\"password\":null,\"screenName\":null,\"gender\":null,\"age\":null,\"role\":null}\n\tat com.automation.testing.base.BaseApiService.validateStatusCode(BaseApiService.java:199)\n\tat com.automation.testing.services.PlayerApiService.createPlayerExpectingFailure(PlayerApiService.java:217)\n\tat com.automation.testing.tests.PlayerCreateTests.testCreatePlayerWithInvalidPassword(PlayerCreateTests.java:161)\n\tat java.base/jdk.internal.reflect.NativeMethodAccessorImpl.invoke0(Native Method)\n\tat java.base/jdk.internal.reflect.NativeMethodAccessorImpl.invoke(NativeMethodAccessorImpl.java:77)\n\tat java.base/jdk.internal.reflect.DelegatingMethodAccessorImpl.invoke(DelegatingMethodAccessorImpl.java:43)\n\tat java.base/java.lang.reflect.Method.invoke(Method.java:569)\n\tat org.testng.internal.invokers.MethodInvocationHelper.invokeMethod(MethodInvocationHelper.java:139)\n\tat org.testng.internal.invokers.TestInvoker.invokeMethod(TestInvoker.java:664)\n\tat org.testng.internal.invokers.TestInvoker.invokeTestMethod(TestInvoker.java:227)\n\tat org.testng.internal.invokers.MethodRunner.runInSequence(MethodRunner.java:50)\n\tat org.testng.internal.invokers.TestInvoker$MethodInvocationAgent.invoke(TestInvoker.java:957)\n\tat org.testng.internal.invokers.TestInvoker.invokeTestMethods(TestInvoker.java:200)\n\tat org.testng.internal.invokers.TestMethodWorker.invokeTestMethods(TestMethodWorker.java:148)\n\tat org.testng.internal.invokers.TestMethodWorker.run(TestMethodWorker.java:128)\n\tat java.base/java.util.concurrent.ThreadPoolExecutor.runWorker(ThreadPoolExecutor.java:1136)\n\tat java.base/java.util.concurrent.ThreadPoolExecutor$Worker.run(ThreadPoolExecutor.java:635)\n\tat java.base/java.lang.Thread.run(Thread.java:840)\n","steps":[{"name":"Request: GET http://3.68.165.45/player/create/supervisor","time":{"start":1758481725797,"stop":1758481725797,"duration":0},"status":"passed","steps":[],"attachments":[],"parameters":[],"shouldDisplayMessage":false,"stepsCount":0,"attachmentsCount":0,"hasContent":false},{"name":"Response: 200 (213ms)","time":{"start":1758481725798,"stop":1758481725798,"duration":0},"status":"passed","steps":[],"attachments":[],"parameters":[],"shouldDisplayMessage":false,"stepsCount":0,"attachmentsCount":0,"hasContent":false}],"attachments":[{"uid":"2a3b28e18ae23c1f","name":"Create Player Request (Expecting Failure)","source":"2a3b28e18ae23c1f.json","type":"application/json","size":123},{"uid":"c322cc2b435be292","name":"Request","source":"c322cc2b435be292.html","type":"text/html","size":747},{"uid":"aa8f7e1b722d1bb3","name":"HTTP/1.1 200 ","source":"aa8f7e1b722d1bb3.html","type":"text/html","size":619},{"uid":"95cc2647133f30c6","name":"Request Body","source":"95cc2647133f30c6.json","type":"application/json","size":123},{"uid":"918c16e3f5c74b0c","name":"Request URL","source":"918c16e3f5c74b0c.txt","type":"text/plain","size":43},{"uid":"18d87c269381bbfc","name":"Response Body","source":"18d87c269381bbfc.json","type":"application/json","size":125},{"uid":"fc12b651b5d3f179","name":"Response Headers","source":"fc12b651b5d3f179.txt","type":"text/plain","size":134}],"parameters":[{"name":"editorRole","value":"supervisor"},{"name":"requestBody","value":"{password=short, role=user, gender=male, screenName=Exeggutorporro_1758481725573, login=tania.heaney_1758481725573, age=25}"},{"name":"expectedStatusCode","value":"400"}],"shouldDisplayMessage":true,"stepsCount":2,"attachmentsCount":7,"hasContent":true}],"attachments":[],"parameters":[],"shouldDisplayMessage":false,"stepsCount":3,"attachmentsCount":7,"hasContent":true},"afterStages":[{"name":"afterMethod","time":{"start":1758481725801,"stop":1758481725802,"duration":1},"description":"","status":"passed","steps":[{"name":"Test Failed","time":{"start":1758481725802,"stop":1758481725802,"duration":0},"status":"passed","steps":[],"attachments":[{"uid":"763be3065516d1fe","name":"Step Details","source":"763be3065516d1fe.txt","type":"text/plain","size":173}],"parameters":[],"shouldDisplayMessage":false,"stepsCount":0,"attachmentsCount":1,"hasContent":true}],"attachments":[],"parameters":[],"shouldDisplayMessage":false,"stepsCount":1,"attachmentsCount":1,"hasContent":true},{"name":"afterClass","time":{"start":1758481746342,"stop":1758481746342,"duration":0},"description":"","status":"passed","steps":[],"attachments":[],"parameters":[],"shouldDisplayMessage":false,"stepsCount":0,"attachmentsCount":0,"hasContent":false}],"labels":[{"name":"package","value":"com.automation.testing.tests.PlayerCreateTests"},{"name":"testClass","value":"com.automation.testing.tests.PlayerCreateTests"},{"name":"testMethod","value":"testCreatePlayerWithInvalidPassword"},{"name":"parentSuite","value":"Player API Test Suite"},{"name":"suite","value":"Player Create Tests"},{"name":"subSuite","value":"com.automation.testing.tests.PlayerCreateTests"},{"name":"host","value":"runnervmf4ws1"},{"name":"thread","value":"2227@runnervmf4ws1.TestNG-test=Player Create Tests-3(22)"},{"name":"framework","value":"testng"},{"name":"language","value":"java"},{"name":"epic","value":"Player Management"},{"name":"feature","value":"Player Creation"},{"name":"resultFormat","value":"allure2"}],"parameters":[{"name":"Response Time (ms)","value":"213"},{"name":"Status Code","value":"200"},{"name":"arg0","value":"short"},{"name":"environment","value":"dev"}],"links":[],"hidden":false,"retry":false,"extra":{"severity":"normal","retries":[],"categories":[{"name":"Product defects","matchedStatuses":[],"flaky":false}],"tags":[]},"source":"b30085d9fbe6d65e.json","parameterValues":["213","200","short","dev"]}