{"uid":"db173d5cb21c487c","name":"createPlayerWithInvalidPasswordTest","fullName":"com.automation.testing.tests.CreatePlayerTests.createPlayerWithInvalidPasswordTest","historyId":"57e70de493d2d0c0ca7d3bad51286c49","time":{"start":1758620210872,"stop":1758620211198,"duration":326},"description":"Test player creation failure with invalid password (BUG-003)","descriptionHtml":"<p>Test player creation failure with invalid password (BUG-003)</p>\n","status":"failed","statusMessage":"Expected status code 400 but got 200. Response: {\"id\":1532952031,\"login\":\"marcel.koch_1758620210872\",\"password\":null,\"screenName\":null,\"gender\":null,\"age\":null,\"role\":null}","statusTrace":"java.lang.AssertionError: Expected status code 400 but got 200. Response: {\"id\":1532952031,\"login\":\"marcel.koch_1758620210872\",\"password\":null,\"screenName\":null,\"gender\":null,\"age\":null,\"role\":null}\n\tat com.automation.testing.base.BaseApiService.validateStatusCode(BaseApiService.java:199)\n\tat com.automation.testing.services.PlayerApiService.createPlayerExpectingFailure(PlayerApiService.java:217)\n\tat com.automation.testing.tests.CreatePlayerTests.createPlayerWithInvalidPasswordTest(CreatePlayerTests.java:123)\n\tat java.base/jdk.internal.reflect.NativeMethodAccessorImpl.invoke0(Native Method)\n\tat java.base/jdk.internal.reflect.NativeMethodAccessorImpl.invoke(NativeMethodAccessorImpl.java:77)\n\tat java.base/jdk.internal.reflect.DelegatingMethodAccessorImpl.invoke(DelegatingMethodAccessorImpl.java:43)\n\tat java.base/java.lang.reflect.Method.invoke(Method.java:569)\n\tat org.testng.internal.invokers.MethodInvocationHelper.invokeMethod(MethodInvocationHelper.java:139)\n\tat org.testng.internal.invokers.TestInvoker.invokeMethod(TestInvoker.java:664)\n\tat org.testng.internal.invokers.TestInvoker.invokeTestMethod(TestInvoker.java:227)\n\tat org.testng.internal.invokers.MethodRunner.runInSequence(MethodRunner.java:50)\n\tat org.testng.internal.invokers.TestInvoker$MethodInvocationAgent.invoke(TestInvoker.java:957)\n\tat org.testng.internal.invokers.TestInvoker.invokeTestMethods(TestInvoker.java:200)\n\tat org.testng.internal.invokers.TestMethodWorker.invokeTestMethods(TestMethodWorker.java:148)\n\tat org.testng.internal.invokers.TestMethodWorker.run(TestMethodWorker.java:128)\n\tat java.base/java.util.concurrent.ThreadPoolExecutor.runWorker(ThreadPoolExecutor.java:1136)\n\tat java.base/java.util.concurrent.ThreadPoolExecutor$Worker.run(ThreadPoolExecutor.java:635)\n\tat java.base/java.lang.Thread.run(Thread.java:840)\n","flaky":false,"newFailed":false,"newBroken":false,"newPassed":false,"retriesCount":0,"retriesStatusChange":false,"beforeStages":[{"name":"beforeClass","time":{"start":1758620206309,"stop":1758620206310,"duration":1},"description":"","status":"passed","steps":[],"attachments":[],"parameters":[],"shouldDisplayMessage":false,"stepsCount":0,"attachmentsCount":0,"hasContent":false},{"name":"setupClass","time":{"start":1758620206310,"stop":1758620207455,"duration":1145},"description":"","status":"passed","steps":[],"attachments":[],"parameters":[],"shouldDisplayMessage":false,"stepsCount":0,"attachmentsCount":0,"hasContent":false},{"name":"beforeMethod","time":{"start":1758620210870,"stop":1758620210870,"duration":0},"description":"","status":"passed","steps":[],"attachments":[],"parameters":[],"shouldDisplayMessage":false,"stepsCount":0,"attachmentsCount":0,"hasContent":false}],"testStage":{"description":"Test player creation failure with invalid password (BUG-003)","status":"failed","statusMessage":"Expected status code 400 but got 200. Response: {\"id\":1532952031,\"login\":\"marcel.koch_1758620210872\",\"password\":null,\"screenName\":null,\"gender\":null,\"age\":null,\"role\":null}","statusTrace":"java.lang.AssertionError: Expected status code 400 but got 200. Response: {\"id\":1532952031,\"login\":\"marcel.koch_1758620210872\",\"password\":null,\"screenName\":null,\"gender\":null,\"age\":null,\"role\":null}\n\tat com.automation.testing.base.BaseApiService.validateStatusCode(BaseApiService.java:199)\n\tat com.automation.testing.services.PlayerApiService.createPlayerExpectingFailure(PlayerApiService.java:217)\n\tat com.automation.testing.tests.CreatePlayerTests.createPlayerWithInvalidPasswordTest(CreatePlayerTests.java:123)\n\tat java.base/jdk.internal.reflect.NativeMethodAccessorImpl.invoke0(Native Method)\n\tat java.base/jdk.internal.reflect.NativeMethodAccessorImpl.invoke(NativeMethodAccessorImpl.java:77)\n\tat java.base/jdk.internal.reflect.DelegatingMethodAccessorImpl.invoke(DelegatingMethodAccessorImpl.java:43)\n\tat java.base/java.lang.reflect.Method.invoke(Method.java:569)\n\tat org.testng.internal.invokers.MethodInvocationHelper.invokeMethod(MethodInvocationHelper.java:139)\n\tat org.testng.internal.invokers.TestInvoker.invokeMethod(TestInvoker.java:664)\n\tat org.testng.internal.invokers.TestInvoker.invokeTestMethod(TestInvoker.java:227)\n\tat org.testng.internal.invokers.MethodRunner.runInSequence(MethodRunner.java:50)\n\tat org.testng.internal.invokers.TestInvoker$MethodInvocationAgent.invoke(TestInvoker.java:957)\n\tat org.testng.internal.invokers.TestInvoker.invokeTestMethods(TestInvoker.java:200)\n\tat org.testng.internal.invokers.TestMethodWorker.invokeTestMethods(TestMethodWorker.java:148)\n\tat org.testng.internal.invokers.TestMethodWorker.run(TestMethodWorker.java:128)\n\tat java.base/java.util.concurrent.ThreadPoolExecutor.runWorker(ThreadPoolExecutor.java:1136)\n\tat java.base/java.util.concurrent.ThreadPoolExecutor$Worker.run(ThreadPoolExecutor.java:635)\n\tat java.base/java.lang.Thread.run(Thread.java:840)\n","steps":[{"name":"Create player expecting failure with status 400","time":{"start":1758620210873,"stop":1758620211198,"duration":325},"status":"failed","statusMessage":"Expected status code 400 but got 200. Response: {\"id\":1532952031,\"login\":\"marcel.koch_1758620210872\",\"password\":null,\"screenName\":null,\"gender\":null,\"age\":null,\"role\":null}","statusTrace":"java.lang.AssertionError: Expected status code 400 but got 200. Response: {\"id\":1532952031,\"login\":\"marcel.koch_1758620210872\",\"password\":null,\"screenName\":null,\"gender\":null,\"age\":null,\"role\":null}\n\tat com.automation.testing.base.BaseApiService.validateStatusCode(BaseApiService.java:199)\n\tat com.automation.testing.services.PlayerApiService.createPlayerExpectingFailure(PlayerApiService.java:217)\n\tat com.automation.testing.tests.CreatePlayerTests.createPlayerWithInvalidPasswordTest(CreatePlayerTests.java:123)\n\tat java.base/jdk.internal.reflect.NativeMethodAccessorImpl.invoke0(Native Method)\n\tat java.base/jdk.internal.reflect.NativeMethodAccessorImpl.invoke(NativeMethodAccessorImpl.java:77)\n\tat java.base/jdk.internal.reflect.DelegatingMethodAccessorImpl.invoke(DelegatingMethodAccessorImpl.java:43)\n\tat java.base/java.lang.reflect.Method.invoke(Method.java:569)\n\tat org.testng.internal.invokers.MethodInvocationHelper.invokeMethod(MethodInvocationHelper.java:139)\n\tat org.testng.internal.invokers.TestInvoker.invokeMethod(TestInvoker.java:664)\n\tat org.testng.internal.invokers.TestInvoker.invokeTestMethod(TestInvoker.java:227)\n\tat org.testng.internal.invokers.MethodRunner.runInSequence(MethodRunner.java:50)\n\tat org.testng.internal.invokers.TestInvoker$MethodInvocationAgent.invoke(TestInvoker.java:957)\n\tat org.testng.internal.invokers.TestInvoker.invokeTestMethods(TestInvoker.java:200)\n\tat org.testng.internal.invokers.TestMethodWorker.invokeTestMethods(TestMethodWorker.java:148)\n\tat org.testng.internal.invokers.TestMethodWorker.run(TestMethodWorker.java:128)\n\tat java.base/java.util.concurrent.ThreadPoolExecutor.runWorker(ThreadPoolExecutor.java:1136)\n\tat java.base/java.util.concurrent.ThreadPoolExecutor$Worker.run(ThreadPoolExecutor.java:635)\n\tat java.base/java.lang.Thread.run(Thread.java:840)\n","steps":[{"name":"Request: GET http://3.68.165.45/player/create/supervisor","time":{"start":1758620211197,"stop":1758620211197,"duration":0},"status":"passed","steps":[],"attachments":[],"parameters":[],"shouldDisplayMessage":false,"stepsCount":0,"attachmentsCount":0,"hasContent":false},{"name":"Response: 200 (311ms)","time":{"start":1758620211197,"stop":1758620211197,"duration":0},"status":"passed","steps":[],"attachments":[],"parameters":[],"shouldDisplayMessage":false,"stepsCount":0,"attachmentsCount":0,"hasContent":false}],"attachments":[{"uid":"36681466d9f35f03","name":"Create Player Request (Expecting Failure)","source":"36681466d9f35f03.json","type":"application/json","size":113},{"uid":"8978c33ce6508354","name":"Request","source":"8978c33ce6508354.html","type":"text/html","size":727},{"uid":"e9901d79d93bc58b","name":"HTTP/1.1 200 ","source":"e9901d79d93bc58b.html","type":"text/html","size":618},{"uid":"9710dc38f53ef3c8","name":"Request Body","source":"9710dc38f53ef3c8.json","type":"application/json","size":113},{"uid":"5025ce5cbdbc5003","name":"Request URL","source":"5025ce5cbdbc5003.txt","type":"text/plain","size":43},{"uid":"1bb807d471d1ee40","name":"Response Body","source":"1bb807d471d1ee40.json","type":"application/json","size":124},{"uid":"49ca300751fb00ef","name":"Response Headers","source":"49ca300751fb00ef.txt","type":"text/plain","size":134}],"parameters":[{"name":"editorRole","value":"supervisor"},{"name":"requestBody","value":"{password=, role=user, gender=male, screenName=Rhyhornqui_1758620210873, login=marcel.koch_1758620210872, age=25}"},{"name":"expectedStatusCode","value":"400"}],"shouldDisplayMessage":true,"stepsCount":2,"attachmentsCount":7,"hasContent":true}],"attachments":[],"parameters":[],"shouldDisplayMessage":false,"stepsCount":3,"attachmentsCount":7,"hasContent":true},"afterStages":[{"name":"afterMethod","time":{"start":1758620211199,"stop":1758620211200,"duration":1},"description":"","status":"passed","steps":[{"name":"Test Failed","time":{"start":1758620211200,"stop":1758620211200,"duration":0},"status":"passed","steps":[],"attachments":[{"uid":"4c8a6bf5dc86e30e","name":"Step Details","source":"4c8a6bf5dc86e30e.txt","type":"text/plain","size":172}],"parameters":[],"shouldDisplayMessage":false,"stepsCount":0,"attachmentsCount":1,"hasContent":true}],"attachments":[],"parameters":[],"shouldDisplayMessage":false,"stepsCount":1,"attachmentsCount":1,"hasContent":true},{"name":"afterClass","time":{"start":1758620235466,"stop":1758620235466,"duration":0},"description":"","status":"passed","steps":[],"attachments":[],"parameters":[],"shouldDisplayMessage":false,"stepsCount":0,"attachmentsCount":0,"hasContent":false}],"labels":[{"name":"package","value":"com.automation.testing.tests.CreatePlayerTests"},{"name":"testClass","value":"com.automation.testing.tests.CreatePlayerTests"},{"name":"testMethod","value":"createPlayerWithInvalidPasswordTest"},{"name":"parentSuite","value":"Player API Test Suite"},{"name":"suite","value":"Player Create Tests"},{"name":"subSuite","value":"com.automation.testing.tests.CreatePlayerTests"},{"name":"host","value":"runnervmf4ws1"},{"name":"thread","value":"2186@runnervmf4ws1.TestNG-test=Player Create Tests-3(22)"},{"name":"framework","value":"testng"},{"name":"language","value":"java"},{"name":"epic","value":"Player Management"},{"name":"feature","value":"Player Creation"},{"name":"resultFormat","value":"allure2"}],"parameters":[{"name":"Response Time (ms)","value":"311"},{"name":"Status Code","value":"200"},{"name":"arg0","value":""},{"name":"environment","value":"dev"}],"links":[],"hidden":false,"retry":false,"extra":{"severity":"normal","retries":[],"categories":[{"name":"Product defects","matchedStatuses":[],"flaky":false}],"tags":[]},"source":"db173d5cb21c487c.json","parameterValues":["311","200","","dev"]}